2024-02-21 17:08:05 - INFO - Enter value in search box...
2024-02-21 17:08:15 - ERROR - An error occurred during item addition to cart: Message: 
Stacktrace:
	GetHandleVerifier [0x00007FF675B72142+3514994]
	(No symbol) [0x00007FF675790CE2]
	(No symbol) [0x00007FF6756376AA]
	(No symbol) [0x00007FF675681860]
	(No symbol) [0x00007FF67568197C]
	(No symbol) [0x00007FF6756C4EE7]
	(No symbol) [0x00007FF6756A602F]
	(No symbol) [0x00007FF6756C28F6]
	(No symbol) [0x00007FF6756A5D93]
	(No symbol) [0x00007FF675674BDC]
	(No symbol) [0x00007FF675675C64]
	GetHandleVerifier [0x00007FF675B9E16B+3695259]
	GetHandleVerifier [0x00007FF675BF6737+4057191]
	GetHandleVerifier [0x00007FF675BEE4E3+4023827]
	GetHandleVerifier [0x00007FF6758C04F9+689705]
	(No symbol) [0x00007FF67579C048]
	(No symbol) [0x00007FF675798044]
	(No symbol) [0x00007FF6757981C9]
	(No symbol) [0x00007FF6757888C4]
	BaseThreadInitThunk [0x00007FFBB43D7344+20]
	RtlUserThreadStart [0x00007FFBB53826B1+33]

2024-02-21 17:08:15 - INFO - Enter value in search box...
2024-02-21 17:08:25 - ERROR - An error occurred during item addition to cart: Message: 
Stacktrace:
	GetHandleVerifier [0x00007FF675B72142+3514994]
	(No symbol) [0x00007FF675790CE2]
	(No symbol) [0x00007FF6756376AA]
	(No symbol) [0x00007FF675681860]
	(No symbol) [0x00007FF67568197C]
	(No symbol) [0x00007FF6756C4EE7]
	(No symbol) [0x00007FF6756A602F]
	(No symbol) [0x00007FF6756C28F6]
	(No symbol) [0x00007FF6756A5D93]
	(No symbol) [0x00007FF675674BDC]
	(No symbol) [0x00007FF675675C64]
	GetHandleVerifier [0x00007FF675B9E16B+3695259]
	GetHandleVerifier [0x00007FF675BF6737+4057191]
	GetHandleVerifier [0x00007FF675BEE4E3+4023827]
	GetHandleVerifier [0x00007FF6758C04F9+689705]
	(No symbol) [0x00007FF67579C048]
	(No symbol) [0x00007FF675798044]
	(No symbol) [0x00007FF6757981C9]
	(No symbol) [0x00007FF6757888C4]
	BaseThreadInitThunk [0x00007FFBB43D7344+20]
	RtlUserThreadStart [0x00007FFBB53826B1+33]

2024-02-21 17:08:25 - INFO - Enter value in search box...
2024-02-21 17:08:35 - ERROR - An error occurred during item addition to cart: Message: 
Stacktrace:
	GetHandleVerifier [0x00007FF675B72142+3514994]
	(No symbol) [0x00007FF675790CE2]
	(No symbol) [0x00007FF6756376AA]
	(No symbol) [0x00007FF675681860]
	(No symbol) [0x00007FF67568197C]
	(No symbol) [0x00007FF6756C4EE7]
	(No symbol) [0x00007FF6756A602F]
	(No symbol) [0x00007FF6756C28F6]
	(No symbol) [0x00007FF6756A5D93]
	(No symbol) [0x00007FF675674BDC]
	(No symbol) [0x00007FF675675C64]
	GetHandleVerifier [0x00007FF675B9E16B+3695259]
	GetHandleVerifier [0x00007FF675BF6737+4057191]
	GetHandleVerifier [0x00007FF675BEE4E3+4023827]
	GetHandleVerifier [0x00007FF6758C04F9+689705]
	(No symbol) [0x00007FF67579C048]
	(No symbol) [0x00007FF675798044]
	(No symbol) [0x00007FF6757981C9]
	(No symbol) [0x00007FF6757888C4]
	BaseThreadInitThunk [0x00007FFBB43D7344+20]
	RtlUserThreadStart [0x00007FFBB53826B1+33]

2024-02-21 17:08:35 - INFO - verify_cart_item Test
2024-02-21 17:08:45 - ERROR - An error occurred during cart item verification: Message: no such window: target window already closed
from unknown error: web view not found
  (Session info: chrome=121.0.6167.185)
Stacktrace:
	GetHandleVerifier [0x00007FF675B72142+3514994]
	(No symbol) [0x00007FF675790CE2]
	(No symbol) [0x00007FF6756376AA]
	(No symbol) [0x00007FF675610AFD]
	(No symbol) [0x00007FF6756ACB1B]
	(No symbol) [0x00007FF6756C218F]
	(No symbol) [0x00007FF6756A5D93]
	(No symbol) [0x00007FF675674BDC]
	(No symbol) [0x00007FF675675C64]
	GetHandleVerifier [0x00007FF675B9E16B+3695259]
	GetHandleVerifier [0x00007FF675BF6737+4057191]
	GetHandleVerifier [0x00007FF675BEE4E3+4023827]
	GetHandleVerifier [0x00007FF6758C04F9+689705]
	(No symbol) [0x00007FF67579C048]
	(No symbol) [0x00007FF675798044]
	(No symbol) [0x00007FF6757981C9]
	(No symbol) [0x00007FF6757888C4]
	BaseThreadInitThunk [0x00007FFBB43D7344+20]
	RtlUserThreadStart [0x00007FFBB53826B1+33]

2024-02-21 17:09:05 - INFO - Site getting launched...
2024-02-21 17:09:12 - INFO - Clicking on sign in...
2024-02-21 17:09:14 - INFO - Entering the mobile number...
2024-02-21 17:09:14 - INFO - Clicking on continue button...
2024-02-21 17:09:17 - INFO - Entering the password...
2024-02-21 17:09:17 - INFO - Clicking on sign in button...
2024-02-21 17:09:17 - INFO - Clicking on search box dropdown...
2024-02-21 17:09:22 - INFO - Clicking on Electronics...
2024-02-21 17:09:23 - INFO - Clicking on search box search icon...
2024-02-21 17:09:51 - INFO - Enter value in search box...
2024-02-21 17:09:52 - INFO - Clicked on search icon...
2024-02-21 17:09:57 - INFO - Enter value in search box...
2024-02-21 17:09:58 - INFO - Clicked on search icon...
2024-02-21 17:10:03 - INFO - Enter value in search box...
2024-02-21 17:10:03 - INFO - Clicked on search icon...
2024-02-21 17:10:10 - INFO - verify_cart_item Test
2024-02-21 17:10:12 - INFO - Item added in the array Locally
2024-02-21 17:10:12 - INFO - cart_items : THEHEARTWILL® Cushion Comfort Rocking Chair/Colonial Chair/Traditional Armchair/Exotic Rosewood Chair/Antique Modern Appearance Ergonomic Rocking…
2024-02-21 17:10:12 - INFO - cart_items : Redmi 80 cm (32 inches) F Series HD Ready Smart LED Fire TV L32R8-FVIN (Black)
2024-02-21 17:10:12 - INFO - cart_items : Amazon Basics Room - Polyester Solid Darkening Blackout Curtain Set with Grommets - 245 GSM - 42" x 84", Beige, Rod Pocket Curtains
2024-02-21 17:10:12 - INFO - cart_items : MAHARAJA SINGHAM-101 Plastic Chairs for Home, Café, Garden & Restaurant Heavy Duty Comfortable Plastic Outdoor and Indoor Chairs with Arm Rest Bearing (Pack o…
2024-02-21 17:10:12 - INFO - cart_items : FRESH FROM LOOM Curtains for Door 7 Feet Long | Door Window Curtain | Premium Polyester Punch Parda | Latest Modern Parde for Living Room Bedroom | Home Scr…
2024-02-21 17:10:12 - INFO - cart_items : Hisense 164 cm (65 inches) Tornado Series 4K Ultra HD…
2024-02-21 17:10:12 - INFO - items_added_to_cart : Amazon Basics Room - Polyester Solid Darkening Blackout Curtain Set with Grommets - 245 GSM - 42" x 84", Beige, Rod Pocket Curtains
2024-02-21 17:10:12 - INFO - items_added_to_cart : Redmi 80 cm (32 inches) F Series HD Ready Smart LED Fire TV L32R8-FVIN (Black)
2024-02-21 17:10:12 - INFO - items_added_to_cart : THEHEARTWILL® Cushion Comfort Rocking Chair/Colonial Chair/Traditional Armchair/Exotic Rosewood Chair/Antique Modern Appearance Ergonomic Rocking Chair with Free Pillow. (D24)
2024-02-21 17:10:12 - INFO - clear the search box...
2024-02-21 17:10:12 - INFO - entering samsung keyword in search box...
2024-02-21 17:10:12 - INFO - selecting product from search box filter...
2024-02-21 17:10:16 - INFO - clicking on the product...
2024-02-21 17:10:16 - INFO - switching the tab...
2024-02-21 17:10:26 - INFO - clicking on your account...
2024-02-21 17:10:28 - INFO - clicking on your address...
2024-02-21 17:10:29 - INFO - clicking on add address icon...
2024-02-21 17:10:32 - INFO - entering full_name...
2024-02-21 17:10:32 - INFO - entering on mobile number...
2024-02-21 17:10:32 - INFO - entering on pincode...
2024-02-21 17:10:33 - INFO - entering on house_no...
2024-02-21 17:10:33 - INFO - entering on area...
2024-02-21 17:10:33 - INFO - entering on landmark...
2024-02-21 17:10:35 - INFO - hovering on manage profile...
2024-02-21 17:10:36 - INFO - clicking on sign out...
2024-02-21 17:18:32 - INFO - Site getting launched...
2024-02-21 17:18:39 - INFO - Clicking on sign in...
2024-02-21 17:18:41 - INFO - Entering the mobile number...
2024-02-21 17:18:41 - INFO - Clicking on continue button...
2024-02-21 17:18:43 - INFO - Entering the password...
2024-02-21 17:18:43 - INFO - Clicking on sign in button...
2024-02-21 17:18:43 - INFO - Clicking on search box dropdown...
2024-02-21 17:18:49 - INFO - Clicking on Electronics...
2024-02-21 17:18:49 - INFO - Clicking on search box search icon...
2024-02-21 17:19:14 - INFO - Enter value in search box...
2024-02-21 17:19:15 - INFO - Clicked on search icon...
2024-02-21 17:19:24 - INFO - Enter value in search box...
2024-02-21 17:19:24 - INFO - Clicked on search icon...
2024-02-21 17:19:29 - INFO - Enter value in search box...
2024-02-21 17:19:29 - INFO - Clicked on search icon...
2024-02-21 17:19:34 - INFO - verify_cart_item Test
2024-02-21 17:19:38 - INFO - Item added in the array Locally
2024-02-21 17:19:38 - INFO - cart_items : MAHARAJA Singham 104 for Home,Office | Comfortable, ArmRest | Bearing Capacity Upto 200Kg Plastic Outdoor Chair (Brown Orange, Set of 4, Pre-Assembled)
2024-02-21 17:19:38 - INFO - cart_items : Redmi 80 cm (32 inches) F Series HD Ready Smart LED Fire TV L32R8-FVIN (Black)
2024-02-21 17:19:38 - INFO - cart_items : BFAM Premium Full Blackout Curtain -100% Blackout Curtain for Bedroom with Black Liner, Double Layer Full Room Darkening, noice reducing 4 feet Wide, Set of 2 (Bisc…
2024-02-21 17:19:38 - INFO - cart_items : THEHEARTWILL® Cushion Comfort Rocking Chair/Colonial Chair/Traditional Armchair/Exotic Rosewood Chair/Antique Modern Appearance Ergonomic Rocking…
2024-02-21 17:19:38 - INFO - cart_items : Amazon Basics Room - Polyester Solid Darkening Blackout Curtain Set with Grommets - 245 GSM - 42" x 84", Beige, Rod Pocket Curtains
2024-02-21 17:19:38 - INFO - cart_items : MAHARAJA SINGHAM-101 Plastic Chairs for Home, Café, Garden & Restaurant Heavy Duty Comfortable Plastic Outdoor and Indoor Chairs with Arm Rest Bearing (Pack o…
2024-02-21 17:19:38 - INFO - cart_items : FRESH FROM LOOM Curtains for Door 7 Feet Long | Door Window Curtain | Premium Polyester Punch Parda | Latest Modern Parde for Living Room Bedroom | Home Scr…
2024-02-21 17:19:38 - INFO - cart_items : Hisense 164 cm (65 inches) Tornado Series 4K Ultra HD…
2024-02-21 17:19:38 - INFO - items_added_to_cart : BFAM Premium Full Blackout Curtain -100% Blackout Curtain for Bedroom with Black Liner, Double Layer Full Room Darkening, noice reducing 4 feet Wide, Set of 2 (Biscotti Beige, 5 FT (Window))
2024-02-21 17:19:38 - INFO - items_added_to_cart : Redmi 80 cm (32 inches) F Series HD Ready Smart LED Fire TV L32R8-FVIN (Black)
2024-02-21 17:19:38 - INFO - items_added_to_cart : MAHARAJA Singham 104 for Home,Office | Comfortable, ArmRest | Bearing Capacity Upto 200Kg Plastic Outdoor Chair (Brown Orange, Set of 4, Pre-Assembled)
2024-02-21 17:19:38 - INFO - clear the search box...
2024-02-21 17:19:38 - INFO - entering samsung keyword in search box...
2024-02-21 17:19:38 - INFO - selecting product from search box filter...
2024-02-21 17:19:42 - INFO - clicking on the product...
2024-02-21 17:19:42 - INFO - switching the tab...
2024-02-21 17:19:52 - INFO - clicking on your account...
2024-02-21 17:19:54 - INFO - clicking on your address...
2024-02-21 17:19:56 - INFO - clicking on add address icon...
2024-02-21 17:19:59 - INFO - entering full_name...
2024-02-21 17:19:59 - INFO - entering on mobile number...
2024-02-21 17:19:59 - INFO - entering on pincode...
2024-02-21 17:19:59 - INFO - entering on house_no...
2024-02-21 17:19:59 - INFO - entering on area...
2024-02-21 17:19:59 - INFO - entering on landmark...
2024-02-21 17:20:02 - INFO - hovering on manage profile...
2024-02-21 17:20:02 - INFO - clicking on sign out...
2024-02-21 17:23:45 - INFO - Site getting launched...
2024-02-21 17:23:53 - INFO - Clicking on sign in...
2024-02-21 17:23:55 - INFO - Entering the mobile number...
2024-02-21 17:23:55 - INFO - Clicking on continue button...
2024-02-21 17:23:57 - INFO - Entering the password...
2024-02-21 17:23:57 - INFO - Clicking on sign in button...
2024-02-21 17:23:57 - INFO - Clicking on search box dropdown...
2024-02-21 17:24:02 - INFO - Clicking on Electronics...
2024-02-21 17:24:02 - INFO - Clicking on search box search icon...
2024-02-21 17:24:32 - INFO - Enter value in search box...
2024-02-21 17:24:32 - INFO - Clicked on search icon...
2024-02-21 17:24:41 - INFO - Enter value in search box...
2024-02-21 17:24:41 - INFO - Clicked on search icon...
2024-02-21 17:24:46 - INFO - Enter value in search box...
2024-02-21 17:24:46 - INFO - Clicked on search icon...
2024-02-21 17:24:53 - INFO - verify_cart_item Test
2024-02-21 17:24:56 - INFO - Item added in the array Locally
2024-02-21 17:24:56 - INFO - cart_items : CELLBELL C62 Contemporary Metal Ergonomic Design Sturdiness Folding Study Chair with Cushion and Writing Pad (Black)
2024-02-21 17:24:56 - INFO - cart_items : Redmi 80 cm (32 inches) F Series HD Ready Smart LED Fire TV L32R8-FVIN (Black)
2024-02-21 17:24:56 - INFO - cart_items : Amazon Brand – Umi Velvet Eyelet Door Curtains with pom pom Lace for Living Room Bedroom Kitchen 4 feet 1 pc Pack in Silver Color
2024-02-21 17:24:56 - INFO - cart_items : MAHARAJA Singham 104 for Home,Office | Comfortable, ArmRest | Bearing Capacity Upto 200Kg Plastic Outdoor Chair (Brown Orange, Set of 4, Pre-Assembled)
2024-02-21 17:24:56 - INFO - cart_items : BFAM Premium Full Blackout Curtain -100% Blackout Curtain for Bedroom with Black Liner, Double Layer Full Room Darkening, noice reducing 4 feet Wide, Set of 2 (Bisc…
2024-02-21 17:24:56 - INFO - cart_items : THEHEARTWILL® Cushion Comfort Rocking Chair/Colonial Chair/Traditional Armchair/Exotic Rosewood Chair/Antique Modern Appearance Ergonomic Rocking…
2024-02-21 17:24:56 - INFO - cart_items : Amazon Basics Room - Polyester Solid Darkening Blackout Curtain Set with Grommets - 245 GSM - 42" x 84", Beige, Rod Pocket Curtains
2024-02-21 17:24:56 - INFO - cart_items : MAHARAJA SINGHAM-101 Plastic Chairs for Home, Café, Garden & Restaurant Heavy Duty Comfortable Plastic Outdoor and Indoor Chairs with Arm Rest Bearing (Pack o…
2024-02-21 17:24:56 - INFO - cart_items : FRESH FROM LOOM Curtains for Door 7 Feet Long | Door Window Curtain | Premium Polyester Punch Parda | Latest Modern Parde for Living Room Bedroom | Home Scr…
2024-02-21 17:24:56 - INFO - cart_items : Hisense 164 cm (65 inches) Tornado Series 4K Ultra HD…
2024-02-21 17:24:56 - INFO - items_added_to_cart : Amazon Brand – Umi Velvet Eyelet Door Curtains with pom pom Lace for Living Room Bedroom Kitchen 4 feet 1 pc Pack in Silver Color
2024-02-21 17:24:56 - INFO - items_added_to_cart : Redmi 80 cm (32 inches) F Series HD Ready Smart LED Fire TV L32R8-FVIN (Black)
2024-02-21 17:24:56 - INFO - items_added_to_cart : CELLBELL C62 Contemporary Metal Ergonomic Design Sturdiness Folding Study Chair with Cushion and Writing Pad (Black)
2024-02-21 17:24:56 - INFO - clear the search box...
2024-02-21 17:24:56 - INFO - entering samsung keyword in search box...
2024-02-21 17:24:56 - INFO - selecting product from search box filter...
2024-02-21 17:25:00 - INFO - clicking on the product...
2024-02-21 17:25:00 - INFO - switching the tab...
2024-02-21 17:25:10 - INFO - clicking on your account...
2024-02-21 17:25:12 - INFO - clicking on your address...
2024-02-21 17:25:14 - INFO - clicking on add address icon...
2024-02-21 17:25:16 - INFO - entering full_name...
2024-02-21 17:25:16 - INFO - entering on mobile number...
2024-02-21 17:25:16 - INFO - entering on pincode...
2024-02-21 17:25:17 - INFO - entering on house_no...
2024-02-21 17:25:17 - INFO - entering on area...
2024-02-21 17:25:17 - INFO - entering on landmark...
2024-02-21 17:25:19 - INFO - hovering on manage profile...
2024-02-21 17:25:20 - INFO - clicking on sign out...
